          ok  Starting native_osx for sync court-interpreters-office-sync
          ok  court-interpreters-office-sync container still running, restarting unison in container
unix:///tmp/supervisor.sock no such file
     success  Sync container started
     success  Showing unison logs from your sync container: court-interpreters-office-sync
[2020-06-15 15:09:41 -0600] Sync Log:  UNISON 2.51.2 (OCAML 4.06.1) started propagating changes at 15:09:41.06 on 15 Jun 2020
[2020-06-15 15:09:41 -0600] Sync Log:  [BGN] Copying .docker-sync/daemon.log from /host_sync to /app_sync
[2020-06-15 15:09:41 -0600] Sync Log:  [END] Copying .docker-sync/daemon.log
[2020-06-15 15:09:41 -0600] Sync Log:  [BGN] Copying .docker-sync/daemon.pid from /host_sync to /app_sync
[2020-06-15 15:09:41 -0600] Sync Log:  [END] Copying .docker-sync/daemon.pid
[2020-06-15 15:09:41 -0600] Sync Log:  UNISON 2.51.2 (OCAML 4.06.1) finished propagating changes at 15:09:41.06 on 15 Jun 2020
[2020-06-15 15:09:41 -0600] Sync Log:  Synchronization complete at 15:09:41  (2 items transferred, 0 skipped, 0 failed)
[2020-06-15 15:14:41 -0600] Sync Log:  UNISON 2.51.2 (OCAML 4.06.1) started propagating changes at 15:14:40.48 on 15 Jun 2020
[2020-06-15 15:14:41 -0600] Sync Log:  [BGN] Copying data from /host_sync to /app_sync
[2020-06-15 15:14:41 -0600] Sync Log:  [END] Copying data
[2020-06-15 15:14:41 -0600] Sync Log:  UNISON 2.51.2 (OCAML 4.06.1) finished propagating changes at 15:14:40.48 on 15 Jun 2020
[2020-06-15 15:14:41 -0600] Sync Log:  Synchronization complete at 15:14:40  (1 item transferred, 0 skipped, 0 failed)
[2020-06-15 15:14:53 -0600] Sync Log:  UNISON 2.51.2 (OCAML 4.06.1) started propagating changes at 15:14:53.20 on 15 Jun 2020
[2020-06-15 15:14:53 -0600] Sync Log:  [BGN] Copying data/.gitkeep from /host_sync to /app_sync
[2020-06-15 15:14:53 -0600] Sync Log:  [END] Copying data/.gitkeep
[2020-06-15 15:14:53 -0600] Sync Log:  UNISON 2.51.2 (OCAML 4.06.1) finished propagating changes at 15:14:53.20 on 15 Jun 2020
[2020-06-15 15:14:53 -0600] Sync Log:  Synchronization complete at 15:14:53  (1 item transferred, 0 skipped, 0 failed)
[2020-06-15 15:15:22 -0600] Sync Log:  UNISON 2.51.2 (OCAML 4.06.1) started propagating changes at 15:15:22.17 on 15 Jun 2020
[2020-06-15 15:15:22 -0600] Sync Log:  [BGN] Copying config/autoload/local.php from /host_sync to /app_sync
[2020-06-15 15:15:22 -0600] Sync Log:  Failed: Destination updated during synchronization
[2020-06-15 15:15:22 -0600] Sync Log:  The directory config/autoload/local.php has been created
[2020-06-15 15:15:22 -0600] Sync Log:  
[2020-06-15 15:15:22 -0600] Sync Log:  UNISON 2.51.2 (OCAML 4.06.1) finished propagating changes at 15:15:22.17 on 15 Jun 2020
[2020-06-15 15:15:22 -0600] Sync Log:  Synchronization incomplete at 15:15:22  (0 items transferred, 0 skipped, 1 failed)
[2020-06-15 15:15:22 -0600] Sync Log:    failed: config/autoload/local.php
[2020-06-15 15:15:25 -0600] Sync Log:  UNISON 2.51.2 (OCAML 4.06.1) started propagating changes at 15:15:24.74 on 15 Jun 2020
[2020-06-15 15:15:25 -0600] Sync Log:  [BGN] Copying .mysql/mysql from /host_sync to /app_sync
[2020-06-15 15:15:25 -0600] Sync Log:  Failed: The source file /host_sync/.mysql/mysql/ibdata1
[2020-06-15 15:15:25 -0600] Sync Log:  has been modified during synchronization.  Transfer aborted.
[2020-06-15 15:15:25 -0600] Sync Log:  UNISON 2.51.2 (OCAML 4.06.1) finished propagating changes at 15:15:25.26 on 15 Jun 2020
[2020-06-15 15:15:25 -0600] Sync Log:  Synchronization incomplete at 15:15:25  (0 items transferred, 0 skipped, 1 failed)
[2020-06-15 15:15:25 -0600] Sync Log:    failed: .mysql/mysql
[2020-06-15 15:15:31 -0600] Sync Log:  UNISON 2.51.2 (OCAML 4.06.1) started propagating changes at 15:15:30.46 on 15 Jun 2020
[2020-06-15 15:15:31 -0600] Sync Log:  [BGN] Copying .mysql/mysql/auto.cnf from /host_sync to /app_sync
[2020-06-15 15:15:31 -0600] Sync Log:  [END] Copying .mysql/mysql/auto.cnf
[2020-06-15 15:15:31 -0600] Sync Log:  [BGN] Copying .mysql/mysql/ca-key.pem from /host_sync to /app_sync
[2020-06-15 15:15:31 -0600] Sync Log:  [END] Copying .mysql/mysql/ca-key.pem
[2020-06-15 15:15:31 -0600] Sync Log:  [BGN] Copying .mysql/mysql/ca.pem from /host_sync to /app_sync
[2020-06-15 15:15:31 -0600] Sync Log:  [END] Copying .mysql/mysql/ca.pem
[2020-06-15 15:15:31 -0600] Sync Log:  [BGN] Copying .mysql/mysql/client-cert.pem from /host_sync to /app_sync
[2020-06-15 15:15:31 -0600] Sync Log:  [END] Copying .mysql/mysql/client-cert.pem
[2020-06-15 15:15:31 -0600] Sync Log:  [BGN] Copying .mysql/mysql/client-key.pem from /host_sync to /app_sync
[2020-06-15 15:15:31 -0600] Sync Log:  [END] Copying .mysql/mysql/client-key.pem
[2020-06-15 15:15:31 -0600] Sync Log:  [BGN] Copying .mysql/mysql/ib_logfile0 from /host_sync to /app_sync
[2020-06-15 15:15:31 -0600] Sync Log:  Failed: The source file /host_sync/.mysql/mysql/ib_logfile0
[2020-06-15 15:15:31 -0600] Sync Log:  has been modified during synchronization.  Transfer aborted.
[2020-06-15 15:15:31 -0600] Sync Log:  [BGN] Copying .mysql/mysql/ibdata1 from /host_sync to /app_sync
[2020-06-15 15:15:31 -0600] Sync Log:  Failed: The source file /host_sync/.mysql/mysql/ibdata1
[2020-06-15 15:15:31 -0600] Sync Log:  has been modified during synchronization.  Transfer aborted.
[2020-06-15 15:15:31 -0600] Sync Log:  [BGN] Copying .mysql/mysql/ibtmp1 from /host_sync to /app_sync
[2020-06-15 15:15:32 -0600] Sync Log:  Failed: The source file /host_sync/.mysql/mysql/ibtmp1
[2020-06-15 15:15:32 -0600] Sync Log:  has been modified during synchronization.  Transfer aborted.
[2020-06-15 15:15:32 -0600] Sync Log:  [BGN] Copying .mysql/mysql/mysql from /host_sync to /app_sync
[2020-06-15 15:15:32 -0600] Sync Log:  Failed: The source file /host_sync/.mysql/mysql/mysql/db.MYD
[2020-06-15 15:15:32 -0600] Sync Log:  has been modified during synchronization.  Transfer aborted.
[2020-06-15 15:15:32 -0600] Sync Log:  [BGN] Copying .mysql/mysql/performance_schema from /host_sync to /app_sync
[2020-06-15 15:15:32 -0600] Sync Log:  [END] Copying .mysql/mysql/performance_schema
[2020-06-15 15:15:32 -0600] Sync Log:  [BGN] Copying .mysql/mysql/private_key.pem from /host_sync to /app_sync
[2020-06-15 15:15:32 -0600] Sync Log:  [END] Copying .mysql/mysql/private_key.pem
[2020-06-15 15:15:32 -0600] Sync Log:  [BGN] Copying .mysql/mysql/public_key.pem from /host_sync to /app_sync
[2020-06-15 15:15:32 -0600] Sync Log:  [END] Copying .mysql/mysql/public_key.pem
[2020-06-15 15:15:32 -0600] Sync Log:  [BGN] Copying .mysql/mysql/server-cert.pem from /host_sync to /app_sync
[2020-06-15 15:15:32 -0600] Sync Log:  [END] Copying .mysql/mysql/server-cert.pem
[2020-06-15 15:15:32 -0600] Sync Log:  [BGN] Copying .mysql/mysql/server-key.pem from /host_sync to /app_sync
[2020-06-15 15:15:32 -0600] Sync Log:  [END] Copying .mysql/mysql/server-key.pem
[2020-06-15 15:15:32 -0600] Sync Log:  UNISON 2.51.2 (OCAML 4.06.1) finished propagating changes at 15:15:31.84 on 15 Jun 2020
[2020-06-15 15:15:32 -0600] Sync Log:  Synchronization incomplete at 15:15:31  (10 items transferred, 0 skipped, 4 failed)
[2020-06-15 15:15:32 -0600] Sync Log:    failed: .mysql/mysql/ib_logfile0
[2020-06-15 15:15:32 -0600] Sync Log:    failed: .mysql/mysql/ibdata1
[2020-06-15 15:15:32 -0600] Sync Log:    failed: .mysql/mysql/ibtmp1
[2020-06-15 15:15:32 -0600] Sync Log:    failed: .mysql/mysql/mysql
[2020-06-15 15:15:36 -0600] Sync Log:  UNISON 2.51.2 (OCAML 4.06.1) started propagating changes at 15:15:35.69 on 15 Jun 2020
[2020-06-15 15:15:36 -0600] Sync Log:  [BGN] Copying .mysql/mysql/ib_buffer_pool from /host_sync to /app_sync
[2020-06-15 15:15:36 -0600] Sync Log:  [END] Copying .mysql/mysql/ib_buffer_pool
[2020-06-15 15:15:36 -0600] Sync Log:  [BGN] Copying .mysql/mysql/ib_logfile0 from /host_sync to /app_sync
[2020-06-15 15:15:37 -0600] Sync Log:  Failed: The source file /host_sync/.mysql/mysql/ib_logfile0
[2020-06-15 15:15:37 -0600] Sync Log:  has been modified during synchronization.  Transfer aborted.
[2020-06-15 15:15:37 -0600] Sync Log:  [BGN] Copying .mysql/mysql/ibdata1 from /host_sync to /app_sync
[2020-06-15 15:15:37 -0600] Sync Log:  Failed: The source file /host_sync/.mysql/mysql/ibdata1
[2020-06-15 15:15:37 -0600] Sync Log:  has been modified during synchronization.  Transfer aborted.
[2020-06-15 15:15:37 -0600] Sync Log:  [BGN] Copying .mysql/mysql/ibtmp1 from /host_sync to /app_sync
[2020-06-15 15:15:37 -0600] Sync Log:  Failed: The source file /host_sync/.mysql/mysql/ibtmp1
[2020-06-15 15:15:37 -0600] Sync Log:  has been modified during synchronization.  Transfer aborted.
[2020-06-15 15:15:37 -0600] Sync Log:  [BGN] Copying .mysql/mysql/mysql/db.MYD from /host_sync to /app_sync
[2020-06-15 15:15:37 -0600] Sync Log:  [END] Copying .mysql/mysql/mysql/db.MYD
[2020-06-15 15:15:37 -0600] Sync Log:  [BGN] Copying .mysql/mysql/mysql/db.MYI from /host_sync to /app_sync
[2020-06-15 15:15:37 -0600] Sync Log:  [END] Copying .mysql/mysql/mysql/db.MYI
[2020-06-15 15:15:37 -0600] Sync Log:  [BGN] Copying .mysql/mysql/mysql/db.frm from /host_sync to /app_sync
[2020-06-15 15:15:37 -0600] Sync Log:  [END] Copying .mysql/mysql/mysql/db.frm
[2020-06-15 15:15:37 -0600] Sync Log:  [BGN] Copying .mysql/mysql/mysql/db.opt from /host_sync to /app_sync
[2020-06-15 15:15:37 -0600] Sync Log:  [END] Copying .mysql/mysql/mysql/db.opt
[2020-06-15 15:15:37 -0600] Sync Log:  [BGN] Copying .mysql/mysql/mysql/engine_cost.frm from /host_sync to /app_sync
[2020-06-15 15:15:37 -0600] Sync Log:  [END] Copying .mysql/mysql/mysql/engine_cost.frm
[2020-06-15 15:15:37 -0600] Sync Log:  [BGN] Copying .mysql/mysql/mysql/engine_cost.ibd from /host_sync to /app_sync
[2020-06-15 15:15:37 -0600] Sync Log:  [END] Copying .mysql/mysql/mysql/engine_cost.ibd
[2020-06-15 15:15:37 -0600] Sync Log:  [BGN] Copying .mysql/mysql/mysql/event.MYD from /host_sync to /app_sync
[2020-06-15 15:15:37 -0600] Sync Log:  [END] Copying .mysql/mysql/mysql/event.MYD
[2020-06-15 15:15:37 -0600] Sync Log:  [BGN] Copying .mysql/mysql/mysql/event.MYI from /host_sync to /app_sync
[2020-06-15 15:15:37 -0600] Sync Log:  [END] Copying .mysql/mysql/mysql/event.MYI
[2020-06-15 15:15:37 -0600] Sync Log:  [BGN] Copying .mysql/mysql/mysql/event.frm from /host_sync to /app_sync
[2020-06-15 15:15:37 -0600] Sync Log:  [END] Copying .mysql/mysql/mysql/event.frm
[2020-06-15 15:15:37 -0600] Sync Log:  [BGN] Copying .mysql/mysql/mysql/func.MYD from /host_sync to /app_sync
[2020-06-15 15:15:37 -0600] Sync Log:  [END] Copying .mysql/mysql/mysql/func.MYD
[2020-06-15 15:15:37 -0600] Sync Log:  [BGN] Copying .mysql/mysql/mysql/func.MYI from /host_sync to /app_sync
[2020-06-15 15:15:37 -0600] Sync Log:  [END] Copying .mysql/mysql/mysql/func.MYI
[2020-06-15 15:15:37 -0600] Sync Log:  [BGN] Copying .mysql/mysql/mysql/func.frm from /host_sync to /app_sync
[2020-06-15 15:15:37 -0600] Sync Log:  [END] Copying .mysql/mysql/mysql/func.frm
[2020-06-15 15:15:37 -0600] Sync Log:  [BGN] Copying .mysql/mysql/mysql/general_log.CSM from /host_sync to /app_sync
[2020-06-15 15:15:37 -0600] Sync Log:  [END] Copying .mysql/mysql/mysql/general_log.CSM
[2020-06-15 15:15:37 -0600] Sync Log:  [BGN] Copying .mysql/mysql/mysql/general_log.CSV from /host_sync to /app_sync
[2020-06-15 15:15:37 -0600] Sync Log:  [END] Copying .mysql/mysql/mysql/general_log.CSV
[2020-06-15 15:15:37 -0600] Sync Log:  [BGN] Copying .mysql/mysql/mysql/general_log.frm from /host_sync to /app_sync
[2020-06-15 15:15:37 -0600] Sync Log:  [END] Copying .mysql/mysql/mysql/general_log.frm
[2020-06-15 15:15:37 -0600] Sync Log:  [BGN] Copying .mysql/mysql/mysql/gtid_executed.frm from /host_sync to /app_sync
[2020-06-15 15:15:37 -0600] Sync Log:  [END] Copying .mysql/mysql/mysql/gtid_executed.frm
[2020-06-15 15:15:37 -0600] Sync Log:  [BGN] Copying .mysql/mysql/mysql/gtid_executed.ibd from /host_sync to /app_sync
[2020-06-15 15:15:37 -0600] Sync Log:  [END] Copying .mysql/mysql/mysql/gtid_executed.ibd
[2020-06-15 15:15:37 -0600] Sync Log:  [BGN] Copying .mysql/mysql/mysql/help_category.frm from /host_sync to /app_sync
[2020-06-15 15:15:37 -0600] Sync Log:  [END] Copying .mysql/mysql/mysql/help_category.frm
[2020-06-15 15:15:37 -0600] Sync Log:  [BGN] Copying .mysql/mysql/mysql/help_category.ibd from /host_sync to /app_sync
[2020-06-15 15:15:37 -0600] Sync Log:  [END] Copying .mysql/mysql/mysql/help_category.ibd
[2020-06-15 15:15:37 -0600] Sync Log:  [BGN] Copying .mysql/mysql/mysql/help_keyword.frm from /host_sync to /app_sync
[2020-06-15 15:15:37 -0600] Sync Log:  [END] Copying .mysql/mysql/mysql/help_keyword.frm
[2020-06-15 15:15:37 -0600] Sync Log:  [BGN] Copying .mysql/mysql/mysql/help_keyword.ibd from /host_sync to /app_sync
[2020-06-15 15:15:37 -0600] Sync Log:  [END] Copying .mysql/mysql/mysql/help_keyword.ibd
[2020-06-15 15:15:37 -0600] Sync Log:  [BGN] Copying .mysql/mysql/mysql/help_relation.frm from /host_sync to /app_sync
[2020-06-15 15:15:37 -0600] Sync Log:  [END] Copying .mysql/mysql/mysql/help_relation.frm
[2020-06-15 15:15:37 -0600] Sync Log:  [BGN] Copying .mysql/mysql/mysql/help_relation.ibd from /host_sync to /app_sync
[2020-06-15 15:15:37 -0600] Sync Log:  [END] Copying .mysql/mysql/mysql/help_relation.ibd
[2020-06-15 15:15:37 -0600] Sync Log:  [BGN] Copying .mysql/mysql/mysql/help_topic.frm from /host_sync to /app_sync
[2020-06-15 15:15:37 -0600] Sync Log:  [END] Copying .mysql/mysql/mysql/help_topic.frm
[2020-06-15 15:15:37 -0600] Sync Log:  [BGN] Copying .mysql/mysql/mysql/help_topic.ibd from /host_sync to /app_sync
[2020-06-15 15:15:37 -0600] Sync Log:  [END] Copying .mysql/mysql/mysql/help_topic.ibd
[2020-06-15 15:15:37 -0600] Sync Log:  [BGN] Copying .mysql/mysql/mysql/innodb_index_stats.frm from /host_sync to /app_sync
[2020-06-15 15:15:37 -0600] Sync Log:  [END] Copying .mysql/mysql/mysql/innodb_index_stats.frm
[2020-06-15 15:15:37 -0600] Sync Log:  [BGN] Copying .mysql/mysql/mysql/innodb_index_stats.ibd from /host_sync to /app_sync
[2020-06-15 15:15:37 -0600] Sync Log:  [END] Copying .mysql/mysql/mysql/innodb_index_stats.ibd
[2020-06-15 15:15:37 -0600] Sync Log:  [BGN] Copying .mysql/mysql/mysql/innodb_table_stats.frm from /host_sync to /app_sync
[2020-06-15 15:15:37 -0600] Sync Log:  [END] Copying .mysql/mysql/mysql/innodb_table_stats.frm
[2020-06-15 15:15:37 -0600] Sync Log:  [BGN] Copying .mysql/mysql/mysql/innodb_table_stats.ibd from /host_sync to /app_sync
[2020-06-15 15:15:37 -0600] Sync Log:  [END] Copying .mysql/mysql/mysql/innodb_table_stats.ibd
[2020-06-15 15:15:37 -0600] Sync Log:  [BGN] Copying .mysql/mysql/mysql/ndb_binlog_index.MYD from /host_sync to /app_sync
[2020-06-15 15:15:37 -0600] Sync Log:  [END] Copying .mysql/mysql/mysql/ndb_binlog_index.MYD
[2020-06-15 15:15:37 -0600] Sync Log:  [BGN] Copying .mysql/mysql/mysql/ndb_binlog_index.MYI from /host_sync to /app_sync
[2020-06-15 15:15:37 -0600] Sync Log:  [END] Copying .mysql/mysql/mysql/ndb_binlog_index.MYI
[2020-06-15 15:15:37 -0600] Sync Log:  [BGN] Copying .mysql/mysql/mysql/ndb_binlog_index.frm from /host_sync to /app_sync
[2020-06-15 15:15:37 -0600] Sync Log:  [END] Copying .mysql/mysql/mysql/ndb_binlog_index.frm
[2020-06-15 15:15:37 -0600] Sync Log:  [BGN] Copying .mysql/mysql/mysql/plugin.frm from /host_sync to /app_sync
[2020-06-15 15:15:37 -0600] Sync Log:  [END] Copying .mysql/mysql/mysql/plugin.frm
[2020-06-15 15:15:37 -0600] Sync Log:  [BGN] Copying .mysql/mysql/mysql/plugin.ibd from /host_sync to /app_sync
[2020-06-15 15:15:37 -0600] Sync Log:  [END] Copying .mysql/mysql/mysql/plugin.ibd
[2020-06-15 15:15:37 -0600] Sync Log:  [BGN] Copying .mysql/mysql/mysql/proc.MYD from /host_sync to /app_sync
[2020-06-15 15:15:37 -0600] Sync Log:  [END] Copying .mysql/mysql/mysql/proc.MYD
[2020-06-15 15:15:37 -0600] Sync Log:  [BGN] Copying .mysql/mysql/mysql/proc.MYI from /host_sync to /app_sync
[2020-06-15 15:15:37 -0600] Sync Log:  [END] Copying .mysql/mysql/mysql/proc.MYI
[2020-06-15 15:15:37 -0600] Sync Log:  [BGN] Copying .mysql/mysql/mysql/proc.frm from /host_sync to /app_sync
[2020-06-15 15:15:37 -0600] Sync Log:  [END] Copying .mysql/mysql/mysql/proc.frm
[2020-06-15 15:15:37 -0600] Sync Log:  [BGN] Copying .mysql/mysql/mysql/procs_priv.MYD from /host_sync to /app_sync
[2020-06-15 15:15:37 -0600] Sync Log:  [END] Copying .mysql/mysql/mysql/procs_priv.MYD
[2020-06-15 15:15:37 -0600] Sync Log:  [BGN] Copying .mysql/mysql/mysql/procs_priv.MYI from /host_sync to /app_sync
[2020-06-15 15:15:37 -0600] Sync Log:  [END] Copying .mysql/mysql/mysql/procs_priv.MYI
[2020-06-15 15:15:37 -0600] Sync Log:  [BGN] Copying .mysql/mysql/mysql/procs_priv.frm from /host_sync to /app_sync
[2020-06-15 15:15:37 -0600] Sync Log:  [END] Copying .mysql/mysql/mysql/procs_priv.frm
[2020-06-15 15:15:37 -0600] Sync Log:  [BGN] Copying .mysql/mysql/mysql/proxies_priv.MYD from /host_sync to /app_sync
[2020-06-15 15:15:37 -0600] Sync Log:  [END] Copying .mysql/mysql/mysql/proxies_priv.MYD
[2020-06-15 15:15:37 -0600] Sync Log:  [BGN] Copying .mysql/mysql/mysql/proxies_priv.MYI from /host_sync to /app_sync
[2020-06-15 15:15:37 -0600] Sync Log:  [END] Copying .mysql/mysql/mysql/proxies_priv.MYI
[2020-06-15 15:15:37 -0600] Sync Log:  [BGN] Copying .mysql/mysql/mysql/proxies_priv.frm from /host_sync to /app_sync
[2020-06-15 15:15:37 -0600] Sync Log:  [END] Copying .mysql/mysql/mysql/proxies_priv.frm
[2020-06-15 15:15:37 -0600] Sync Log:  [BGN] Copying .mysql/mysql/mysql/server_cost.frm from /host_sync to /app_sync
[2020-06-15 15:15:37 -0600] Sync Log:  [END] Copying .mysql/mysql/mysql/server_cost.frm
[2020-06-15 15:15:37 -0600] Sync Log:  [BGN] Copying .mysql/mysql/mysql/server_cost.ibd from /host_sync to /app_sync
[2020-06-15 15:15:37 -0600] Sync Log:  [END] Copying .mysql/mysql/mysql/server_cost.ibd
[2020-06-15 15:15:37 -0600] Sync Log:  [BGN] Copying .mysql/mysql/mysql/servers.frm from /host_sync to /app_sync
[2020-06-15 15:15:37 -0600] Sync Log:  [END] Copying .mysql/mysql/mysql/servers.frm
[2020-06-15 15:15:37 -0600] Sync Log:  [BGN] Copying .mysql/mysql/mysql/servers.ibd from /host_sync to /app_sync
[2020-06-15 15:15:37 -0600] Sync Log:  [END] Copying .mysql/mysql/mysql/servers.ibd
[2020-06-15 15:15:37 -0600] Sync Log:  [BGN] Copying .mysql/mysql/mysql/slave_master_info.frm from /host_sync to /app_sync
[2020-06-15 15:15:37 -0600] Sync Log:  [END] Copying .mysql/mysql/mysql/slave_master_info.frm
[2020-06-15 15:15:37 -0600] Sync Log:  [BGN] Copying .mysql/mysql/mysql/slave_master_info.ibd from /host_sync to /app_sync
[2020-06-15 15:15:37 -0600] Sync Log:  [END] Copying .mysql/mysql/mysql/slave_master_info.ibd
[2020-06-15 15:15:37 -0600] Sync Log:  [BGN] Copying .mysql/mysql/mysql/slave_relay_log_info.frm from /host_sync to /app_sync
[2020-06-15 15:15:37 -0600] Sync Log:  [END] Copying .mysql/mysql/mysql/slave_relay_log_info.frm
[2020-06-15 15:15:37 -0600] Sync Log:  [BGN] Copying .mysql/mysql/mysql/slave_relay_log_info.ibd from /host_sync to /app_sync
[2020-06-15 15:15:37 -0600] Sync Log:  [END] Copying .mysql/mysql/mysql/slave_relay_log_info.ibd
[2020-06-15 15:15:37 -0600] Sync Log:  [BGN] Copying .mysql/mysql/mysql/slave_worker_info.frm from /host_sync to /app_sync
[2020-06-15 15:15:37 -0600] Sync Log:  [END] Copying .mysql/mysql/mysql/slave_worker_info.frm
[2020-06-15 15:15:37 -0600] Sync Log:  [BGN] Copying .mysql/mysql/mysql/slave_worker_info.ibd from /host_sync to /app_sync
[2020-06-15 15:15:37 -0600] Sync Log:  [END] Copying .mysql/mysql/mysql/slave_worker_info.ibd
[2020-06-15 15:15:37 -0600] Sync Log:  [BGN] Copying .mysql/mysql/mysql/slow_log.CSM from /host_sync to /app_sync
[2020-06-15 15:15:37 -0600] Sync Log:  [END] Copying .mysql/mysql/mysql/slow_log.CSM
[2020-06-15 15:15:37 -0600] Sync Log:  [BGN] Copying .mysql/mysql/mysql/slow_log.CSV from /host_sync to /app_sync
[2020-06-15 15:15:37 -0600] Sync Log:  [END] Copying .mysql/mysql/mysql/slow_log.CSV
[2020-06-15 15:15:37 -0600] Sync Log:  [BGN] Copying .mysql/mysql/mysql/slow_log.frm from /host_sync to /app_sync
[2020-06-15 15:15:37 -0600] Sync Log:  [END] Copying .mysql/mysql/mysql/slow_log.frm
[2020-06-15 15:15:37 -0600] Sync Log:  [BGN] Copying .mysql/mysql/mysql/tables_priv.MYD from /host_sync to /app_sync
[2020-06-15 15:15:37 -0600] Sync Log:  [END] Copying .mysql/mysql/mysql/tables_priv.MYD
[2020-06-15 15:15:37 -0600] Sync Log:  [BGN] Copying .mysql/mysql/mysql/tables_priv.MYI from /host_sync to /app_sync
[2020-06-15 15:15:37 -0600] Sync Log:  [END] Copying .mysql/mysql/mysql/tables_priv.MYI
[2020-06-15 15:15:37 -0600] Sync Log:  [BGN] Copying .mysql/mysql/mysql/tables_priv.frm from /host_sync to /app_sync
[2020-06-15 15:15:37 -0600] Sync Log:  [END] Copying .mysql/mysql/mysql/tables_priv.frm
[2020-06-15 15:15:37 -0600] Sync Log:  [BGN] Copying .mysql/mysql/mysql/time_zone.frm from /host_sync to /app_sync
[2020-06-15 15:15:37 -0600] Sync Log:  [END] Copying .mysql/mysql/mysql/time_zone.frm
[2020-06-15 15:15:37 -0600] Sync Log:  [BGN] Copying .mysql/mysql/mysql/time_zone.ibd from /host_sync to /app_sync
[2020-06-15 15:15:37 -0600] Sync Log:  Failed: The source file /host_sync/.mysql/mysql/mysql/time_zone.ibd
[2020-06-15 15:15:37 -0600] Sync Log:  has been modified during synchronization.  Transfer aborted.
[2020-06-15 15:15:37 -0600] Sync Log:  [BGN] Copying .mysql/mysql/mysql/time_zone_leap_second.frm from /host_sync to /app_sync
[2020-06-15 15:15:37 -0600] Sync Log:  [END] Copying .mysql/mysql/mysql/time_zone_leap_second.frm
[2020-06-15 15:15:37 -0600] Sync Log:  [BGN] Copying .mysql/mysql/mysql/time_zone_leap_second.ibd from /host_sync to /app_sync
[2020-06-15 15:15:37 -0600] Sync Log:  [END] Copying .mysql/mysql/mysql/time_zone_leap_second.ibd
[2020-06-15 15:15:37 -0600] Sync Log:  [BGN] Copying .mysql/mysql/mysql/time_zone_name.frm from /host_sync to /app_sync
[2020-06-15 15:15:37 -0600] Sync Log:  [END] Copying .mysql/mysql/mysql/time_zone_name.frm
[2020-06-15 15:15:37 -0600] Sync Log:  [BGN] Copying .mysql/mysql/mysql/time_zone_name.ibd from /host_sync to /app_sync
[2020-06-15 15:15:37 -0600] Sync Log:  Failed: The source file /host_sync/.mysql/mysql/mysql/time_zone_name.ibd
[2020-06-15 15:15:37 -0600] Sync Log:  has been modified during synchronization.  Transfer aborted.
[2020-06-15 15:15:37 -0600] Sync Log:  [BGN] Copying .mysql/mysql/mysql/time_zone_transition.frm from /host_sync to /app_sync
[2020-06-15 15:15:37 -0600] Sync Log:  [END] Copying .mysql/mysql/mysql/time_zone_transition.frm
[2020-06-15 15:15:37 -0600] Sync Log:  [BGN] Copying .mysql/mysql/mysql/time_zone_transition.ibd from /host_sync to /app_sync
[2020-06-15 15:15:37 -0600] Sync Log:  Failed: The source file /host_sync/.mysql/mysql/mysql/time_zone_transition.ibd
[2020-06-15 15:15:37 -0600] Sync Log:  has been modified during synchronization.  Transfer aborted.
[2020-06-15 15:15:37 -0600] Sync Log:  [BGN] Copying .mysql/mysql/mysql/time_zone_transition_type.frm from /host_sync to /app_sync
[2020-06-15 15:15:37 -0600] Sync Log:  [END] Copying .mysql/mysql/mysql/time_zone_transition_type.frm
[2020-06-15 15:15:37 -0600] Sync Log:  [BGN] Copying .mysql/mysql/mysql/time_zone_transition_type.ibd from /host_sync to /app_sync
[2020-06-15 15:15:37 -0600] Sync Log:  [END] Copying .mysql/mysql/mysql/time_zone_transition_type.ibd
[2020-06-15 15:15:37 -0600] Sync Log:  [BGN] Copying .mysql/mysql/mysql/user.MYD from /host_sync to /app_sync
[2020-06-15 15:15:37 -0600] Sync Log:  [END] Copying .mysql/mysql/mysql/user.MYD
[2020-06-15 15:15:37 -0600] Sync Log:  [BGN] Copying .mysql/mysql/mysql/user.MYI from /host_sync to /app_sync
[2020-06-15 15:15:37 -0600] Sync Log:  [END] Copying .mysql/mysql/mysql/user.MYI
[2020-06-15 15:15:37 -0600] Sync Log:  [BGN] Copying .mysql/mysql/mysql/user.frm from /host_sync to /app_sync
[2020-06-15 15:15:37 -0600] Sync Log:  [END] Copying .mysql/mysql/mysql/user.frm
[2020-06-15 15:15:37 -0600] Sync Log:  [BGN] Copying .mysql/mysql/sys from /host_sync to /app_sync
[2020-06-15 15:15:38 -0600] Sync Log:  [END] Copying .mysql/mysql/sys
[2020-06-15 15:15:38 -0600] Sync Log:  UNISON 2.51.2 (OCAML 4.06.1) finished propagating changes at 15:15:37.68 on 15 Jun 2020
[2020-06-15 15:15:38 -0600] Sync Log:  Synchronization incomplete at 15:15:37  (71 items transferred, 0 skipped, 6 failed)
[2020-06-15 15:15:38 -0600] Sync Log:    failed: .mysql/mysql/ib_logfile0
[2020-06-15 15:15:38 -0600] Sync Log:    failed: .mysql/mysql/ibdata1
[2020-06-15 15:15:38 -0600] Sync Log:    failed: .mysql/mysql/ibtmp1
[2020-06-15 15:15:38 -0600] Sync Log:    failed: .mysql/mysql/mysql/time_zone.ibd
[2020-06-15 15:15:38 -0600] Sync Log:    failed: .mysql/mysql/mysql/time_zone_name.ibd
[2020-06-15 15:15:38 -0600] Sync Log:    failed: .mysql/mysql/mysql/time_zone_transition.ibd
[2020-06-15 15:15:43 -0600] Sync Log:  UNISON 2.51.2 (OCAML 4.06.1) started propagating changes at 15:15:43.31 on 15 Jun 2020
[2020-06-15 15:15:43 -0600] Sync Log:  [BGN] Copying .mysql/mysql/ib_logfile0 from /host_sync to /app_sync
[2020-06-15 15:15:44 -0600] Sync Log:  Failed: The source file /host_sync/.mysql/mysql/ib_logfile0
[2020-06-15 15:15:44 -0600] Sync Log:  has been modified during synchronization.  Transfer aborted.
[2020-06-15 15:15:44 -0600] Sync Log:  [BGN] Copying .mysql/mysql/ibdata1 from /host_sync to /app_sync
[2020-06-15 15:15:45 -0600] Sync Log:  Failed: The source file /host_sync/.mysql/mysql/ibdata1
[2020-06-15 15:15:45 -0600] Sync Log:  has been modified during synchronization.  Transfer aborted.
[2020-06-15 15:15:45 -0600] Sync Log:  [BGN] Copying .mysql/mysql/ibtmp1 from /host_sync to /app_sync
[2020-06-15 15:15:45 -0600] Sync Log:  Failed: The source file /host_sync/.mysql/mysql/ibtmp1
[2020-06-15 15:15:45 -0600] Sync Log:  has been modified during synchronization.  Transfer aborted.
[2020-06-15 15:15:45 -0600] Sync Log:  [BGN] Copying .mysql/mysql/mysql/time_zone.ibd from /host_sync to /app_sync
[2020-06-15 15:15:45 -0600] Sync Log:  Failed: The source file /host_sync/.mysql/mysql/mysql/time_zone.ibd
[2020-06-15 15:15:45 -0600] Sync Log:  has been modified during synchronization.  Transfer aborted.
[2020-06-15 15:15:45 -0600] Sync Log:  [BGN] Copying .mysql/mysql/mysql/time_zone_name.ibd from /host_sync to /app_sync
[2020-06-15 15:15:45 -0600] Sync Log:  [END] Copying .mysql/mysql/mysql/time_zone_name.ibd
[2020-06-15 15:15:45 -0600] Sync Log:  [BGN] Copying .mysql/mysql/mysql/time_zone_transition.ibd from /host_sync to /app_sync
[2020-06-15 15:15:45 -0600] Sync Log:  [END] Copying .mysql/mysql/mysql/time_zone_transition.ibd
[2020-06-15 15:15:45 -0600] Sync Log:  [BGN] Updating file .mysql/mysql/mysql/time_zone_transition_type.ibd from /host_sync to /app_sync
[2020-06-15 15:15:45 -0600] Sync Log:  [END] Updating file .mysql/mysql/mysql/time_zone_transition_type.ibd
[2020-06-15 15:15:45 -0600] Sync Log:  UNISON 2.51.2 (OCAML 4.06.1) finished propagating changes at 15:15:45.15 on 15 Jun 2020
[2020-06-15 15:15:45 -0600] Sync Log:  Synchronization incomplete at 15:15:45  (3 items transferred, 0 skipped, 4 failed)
[2020-06-15 15:15:45 -0600] Sync Log:    failed: .mysql/mysql/ib_logfile0
[2020-06-15 15:15:45 -0600] Sync Log:    failed: .mysql/mysql/ibdata1
[2020-06-15 15:15:45 -0600] Sync Log:    failed: .mysql/mysql/ibtmp1
[2020-06-15 15:15:45 -0600] Sync Log:    failed: .mysql/mysql/mysql/time_zone.ibd
[2020-06-15 15:15:46 -0600] Sync Log:  UNISON 2.51.2 (OCAML 4.06.1) started propagating changes at 15:15:46.24 on 15 Jun 2020
[2020-06-15 15:15:46 -0600] Sync Log:  [BGN] Updating file .mysql/mysql/ib_buffer_pool from /host_sync to /app_sync
[2020-06-15 15:15:46 -0600] Sync Log:  [END] Updating file .mysql/mysql/ib_buffer_pool
[2020-06-15 15:15:46 -0600] Sync Log:  [BGN] Copying .mysql/mysql/ibtmp1 from /host_sync to /app_sync
[2020-06-15 15:15:46 -0600] Sync Log:  [END] Copying .mysql/mysql/ibtmp1
[2020-06-15 15:15:46 -0600] Sync Log:  [BGN] Copying .mysql/mysql/mysql/time_zone.ibd from /host_sync to /app_sync
[2020-06-15 15:15:46 -0600] Sync Log:  [END] Copying .mysql/mysql/mysql/time_zone.ibd
[2020-06-15 15:15:46 -0600] Sync Log:  [BGN] Updating file .mysql/mysql/mysql/user.MYD from /host_sync to /app_sync
[2020-06-15 15:15:46 -0600] Sync Log:  [END] Updating file .mysql/mysql/mysql/user.MYD
[2020-06-15 15:15:46 -0600] Sync Log:  [BGN] Updating file .mysql/mysql/mysql/user.MYI from /host_sync to /app_sync
[2020-06-15 15:15:46 -0600] Sync Log:  [END] Updating file .mysql/mysql/mysql/user.MYI
[2020-06-15 15:15:46 -0600] Sync Log:  UNISON 2.51.2 (OCAML 4.06.1) finished propagating changes at 15:15:46.35 on 15 Jun 2020
[2020-06-15 15:15:46 -0600] Sync Log:  Synchronization complete at 15:15:46  (5 items transferred, 0 skipped, 0 failed)
[2020-06-15 15:15:48 -0600] Sync Log:  UNISON 2.51.2 (OCAML 4.06.1) started propagating changes at 15:15:47.91 on 15 Jun 2020
[2020-06-15 15:15:48 -0600] Sync Log:  [BGN] Copying .mysql/mysql/ib_logfile0 from /host_sync to /app_sync
[2020-06-15 15:15:48 -0600] Sync Log:  [END] Copying .mysql/mysql/ib_logfile0
[2020-06-15 15:15:48 -0600] Sync Log:  [BGN] Copying .mysql/mysql/ibdata1 from /host_sync to /app_sync
[2020-06-15 15:15:49 -0600] Sync Log:  [END] Copying .mysql/mysql/ibdata1
[2020-06-15 15:15:49 -0600] Sync Log:  UNISON 2.51.2 (OCAML 4.06.1) finished propagating changes at 15:15:48.78 on 15 Jun 2020
[2020-06-15 15:15:49 -0600] Sync Log:  Synchronization complete at 15:15:48  (2 items transferred, 0 skipped, 0 failed)
[2020-06-15 15:15:59 -0600] Sync Log:  UNISON 2.51.2 (OCAML 4.06.1) started propagating changes at 15:15:58.52 on 15 Jun 2020
[2020-06-15 15:15:59 -0600] Sync Log:  [BGN] Updating file .mysql/mysql/ib_buffer_pool from /host_sync to /app_sync
[2020-06-15 15:15:59 -0600] Sync Log:  [END] Updating file .mysql/mysql/ib_buffer_pool
[2020-06-15 15:15:59 -0600] Sync Log:  UNISON 2.51.2 (OCAML 4.06.1) finished propagating changes at 15:15:58.53 on 15 Jun 2020
[2020-06-15 15:15:59 -0600] Sync Log:  Synchronization complete at 15:15:58  (1 item transferred, 0 skipped, 0 failed)
[2020-06-15 15:16:00 -0600] Sync Log:  UNISON 2.51.2 (OCAML 4.06.1) started propagating changes at 15:15:59.87 on 15 Jun 2020
[2020-06-15 15:16:00 -0600] Sync Log:  [BGN] Updating file .mysql/mysql/ibdata1 from /host_sync to /app_sync
[2020-06-15 15:16:01 -0600] Sync Log:  [END] Updating file .mysql/mysql/ibdata1
[2020-06-15 15:16:01 -0600] Sync Log:  [BGN] Deleting .mysql/mysql/ibtmp1 from /app_sync
[2020-06-15 15:16:01 -0600] Sync Log:  [END] Deleting .mysql/mysql/ibtmp1
[2020-06-15 15:16:01 -0600] Sync Log:  UNISON 2.51.2 (OCAML 4.06.1) finished propagating changes at 15:16:00.54 on 15 Jun 2020
[2020-06-15 15:16:01 -0600] Sync Log:  Synchronization complete at 15:16:00  (2 items transferred, 0 skipped, 0 failed)
[2020-06-15 15:16:16 -0600] Sync Log:  UNISON 2.51.2 (OCAML 4.06.1) started propagating changes at 15:16:16.21 on 15 Jun 2020
[2020-06-15 15:16:16 -0600] Sync Log:  [BGN] Updating file .mysql/mysql/ib_logfile0 from /host_sync to /app_sync
[2020-06-15 15:16:17 -0600] Sync Log:  [END] Updating file .mysql/mysql/ib_logfile0
[2020-06-15 15:16:17 -0600] Sync Log:  UNISON 2.51.2 (OCAML 4.06.1) finished propagating changes at 15:16:16.58 on 15 Jun 2020
[2020-06-15 15:16:17 -0600] Sync Log:  Synchronization complete at 15:16:16  (1 item transferred, 0 skipped, 0 failed)
[2020-06-15 15:16:18 -0600] Sync Log:  UNISON 2.51.2 (OCAML 4.06.1) started propagating changes at 15:16:18.09 on 15 Jun 2020
[2020-06-15 15:16:18 -0600] Sync Log:  [BGN] Updating file .mysql/mysql/ib_logfile0 from /host_sync to /app_sync
[2020-06-15 15:16:19 -0600] Sync Log:  [END] Updating file .mysql/mysql/ib_logfile0
[2020-06-15 15:16:19 -0600] Sync Log:  [BGN] Updating file .mysql/mysql/ibdata1 from /host_sync to /app_sync
[2020-06-15 15:16:19 -0600] Sync Log:  [END] Updating file .mysql/mysql/ibdata1
[2020-06-15 15:16:19 -0600] Sync Log:  [BGN] Copying .mysql/mysql/ibtmp1 from /host_sync to /app_sync
[2020-06-15 15:16:19 -0600] Sync Log:  [END] Copying .mysql/mysql/ibtmp1
[2020-06-15 15:16:19 -0600] Sync Log:  UNISON 2.51.2 (OCAML 4.06.1) finished propagating changes at 15:16:19.16 on 15 Jun 2020
[2020-06-15 15:16:19 -0600] Sync Log:  Synchronization complete at 15:16:19  (3 items transferred, 0 skipped, 0 failed)
[2020-06-15 15:16:27 -0600] Sync Log:  UNISON 2.51.2 (OCAML 4.06.1) started propagating changes at 15:16:26.81 on 15 Jun 2020
[2020-06-15 15:16:27 -0600] Sync Log:  [BGN] Copying .docker/.connect.swp from /host_sync to /app_sync
[2020-06-15 15:16:27 -0600] Sync Log:  [END] Copying .docker/.connect.swp
[2020-06-15 15:16:27 -0600] Sync Log:  UNISON 2.51.2 (OCAML 4.06.1) finished propagating changes at 15:16:26.81 on 15 Jun 2020
[2020-06-15 15:16:27 -0600] Sync Log:  Synchronization complete at 15:16:26  (1 item transferred, 0 skipped, 0 failed)
